mode: set
mortgage-calculator/cmd/server/main.go:9.13,12.16 2 0
mortgage-calculator/cmd/server/main.go:12.16,14.3 1 0
mortgage-calculator/cmd/server/main.go:17.2,18.16 2 0
mortgage-calculator/cmd/server/main.go:18.16,20.3 1 0
mortgage-calculator/cmd/server/main.go:22.2,23.42 2 0
mortgage-calculator/cmd/server/main.go:23.42,25.3 1 0
mortgage-calculator/internal/app/app.go:21.47,42.2 8 0
mortgage-calculator/internal/app/app.go:44.27,46.2 1 0
mortgage-calculator/internal/app/app.go:48.51,50.2 1 0
mortgage-calculator/internal/config/config.go:13.58,21.16 6 0
mortgage-calculator/internal/config/config.go:21.16,23.3 1 0
mortgage-calculator/internal/config/config.go:25.2,26.16 2 0
mortgage-calculator/internal/config/config.go:26.16,28.3 1 0
mortgage-calculator/internal/config/config.go:30.2,30.20 1 0
mortgage-calculator/internal/middleware/logging.go:9.46,10.71 1 0
mortgage-calculator/internal/middleware/logging.go:10.71,20.3 5 0
mortgage-calculator/internal/middleware/logging.go:28.55,31.2 2 0
mortgage-calculator/internal/controller/mortgage_controller.go:21.95,23.2 1 0
mortgage-calculator/internal/controller/mortgage_controller.go:25.57,28.2 2 0
mortgage-calculator/internal/controller/mortgage_controller.go:30.86,32.61 2 0
mortgage-calculator/internal/controller/mortgage_controller.go:32.61,35.3 2 0
mortgage-calculator/internal/controller/mortgage_controller.go:38.2,38.53 1 0
mortgage-calculator/internal/controller/mortgage_controller.go:38.53,41.3 2 0
mortgage-calculator/internal/controller/mortgage_controller.go:44.2,45.45 2 0
mortgage-calculator/internal/controller/mortgage_controller.go:45.45,48.3 2 0
mortgage-calculator/internal/controller/mortgage_controller.go:51.2,52.16 2 0
mortgage-calculator/internal/controller/mortgage_controller.go:52.16,53.57 1 0
mortgage-calculator/internal/controller/mortgage_controller.go:53.57,56.4 2 0
mortgage-calculator/internal/controller/mortgage_controller.go:57.3,58.9 2 0
mortgage-calculator/internal/controller/mortgage_controller.go:62.2,66.67 4 0
mortgage-calculator/internal/controller/mortgage_controller.go:69.85,71.28 2 0
mortgage-calculator/internal/controller/mortgage_controller.go:71.28,74.3 2 0
mortgage-calculator/internal/controller/mortgage_controller.go:76.2,78.41 3 0
mortgage-calculator/internal/controller/mortgage_controller.go:81.59,83.20 2 0
mortgage-calculator/internal/controller/mortgage_controller.go:83.20,85.3 1 0
mortgage-calculator/internal/controller/mortgage_controller.go:86.2,86.22 1 0
mortgage-calculator/internal/controller/mortgage_controller.go:86.22,88.3 1 0
mortgage-calculator/internal/controller/mortgage_controller.go:89.2,89.18 1 0
mortgage-calculator/internal/controller/mortgage_controller.go:89.18,91.3 1 0
mortgage-calculator/internal/controller/mortgage_controller.go:93.2,93.15 1 0
mortgage-calculator/internal/controller/mortgage_controller.go:94.9,95.38 1 0
mortgage-calculator/internal/controller/mortgage_controller.go:96.9,97.13 1 0
mortgage-calculator/internal/controller/mortgage_controller.go:98.10,99.45 1 0
mortgage-calculator/internal/controller/mortgage_controller.go:103.71,107.2 3 0
mortgage-calculator/internal/controller/mortgage_controller.go:109.60,111.39 2 0
mortgage-calculator/internal/controller/mortgage_controller.go:111.39,114.3 2 0
mortgage-calculator/internal/controller/mortgage_controller.go:115.2,115.54 1 0
mortgage-calculator/internal/cache/cache.go:20.31,24.2 1 0
mortgage-calculator/internal/cache/cache.go:26.75,35.2 6 0
mortgage-calculator/internal/cache/cache.go:37.63,42.31 4 0
mortgage-calculator/internal/cache/cache.go:42.31,44.3 1 0
mortgage-calculator/internal/cache/cache.go:46.2,46.21 1 0
mortgage-calculator/internal/calculator/calculator.go:15.33,17.2 1 1
mortgage-calculator/internal/calculator/calculator.go:19.100,22.44 2 1
mortgage-calculator/internal/calculator/calculator.go:22.44,24.3 1 1
mortgage-calculator/internal/calculator/calculator.go:27.2,59.8 9 1
mortgage-calculator/internal/calculator/calculator.go:62.79,63.9 1 1
mortgage-calculator/internal/calculator/calculator.go:64.22,65.11 1 1
mortgage-calculator/internal/calculator/calculator.go:66.24,67.11 1 0
mortgage-calculator/internal/calculator/calculator.go:68.20,69.12 1 0
mortgage-calculator/internal/calculator/calculator.go:70.10,71.11 1 0
mortgage-calculator/internal/calculator/calculator.go:83.40,85.2 1 1
